16:56:25 INFO __main__ — ============================================================
16:56:25 INFO __main__ — PIPELINE INICIADO
16:56:25 INFO __main__ — ============================================================
16:56:25 INFO __main__ — 
[1/5] Carregando planilhas...
16:56:25 INFO src.ingestion.loader — Carregando planilha: data/input/clientes_saneamento_regional_sp_cap_classificacao_comercial.xlsx (fonte: saneamento)
16:56:26 INFO src.ingestion.loader —   554 linhas carregadas.
16:56:26 INFO src.ingestion.loader —   Disponíveis: 294 de 554
16:56:26 INFO src.ingestion.loader —   Colunas finais: ['cod_cliente', 'observacao', 'nome_cliente', 'limite_disp', 'lat_totvs', 'lng_totvs', 'endereco', 'bairro', 'cep', 'cod_ibge', 'fonte']
16:56:26 INFO src.ingestion.loader — ✅ saneamento: 294 clientes disponíveis
16:56:26 INFO src.ingestion.loader — Carregando planilha: data/input/clientes_carteiras_diversos_sp_cap.xlsx (fonte: diversos)
16:56:26 INFO src.ingestion.loader —   472 linhas carregadas.
16:56:26 INFO src.ingestion.loader —   Disponíveis: 286 de 472
16:56:26 INFO src.ingestion.loader —   Colunas finais: ['cod_cliente', 'observacao', 'nome_cliente', 'limite_disp', 'lat_totvs', 'lng_totvs', 'endereco', 'bairro', 'cep', 'cod_ibge', 'fonte']
16:56:26 INFO src.ingestion.loader — ✅ diversos: 286 clientes disponíveis
16:56:26 INFO src.ingestion.loader — Resolvendo nome_municipio via banco...
16:56:26 INFO src.ingestion.loader —   nome_municipio resolvido: 580/580
16:56:26 INFO src.ingestion.loader — 
Total unificado: 580 clientes
16:56:26 INFO __main__ — 
[2/5] Geocodificando clientes...
16:56:26 INFO src.geocoding.geocoder — Coordenada TOTVS válida: 53 | Precisam geocodificar: 527
16:56:27 INFO src.geocoding.geocoder — Já no checkpoint: 527 | Novos para API: 0
16:56:27 INFO src.geocoding.geocoder — Cobertura final: 580/580 (100.0%)
16:56:27 INFO __main__ — 
[3/5] Classificando dentro/fora da Grande SP...
16:56:27 INFO src.geo.boundaries — Baixando GeoJSON dos municípios de SP...
16:56:27 INFO src.geo.boundaries — GeoJSON carregado: 645 municípios.
16:56:29 INFO src.geo.boundaries — Classificando clientes dentro/fora da Grande SP...
16:56:29 INFO src.geo.boundaries — Dentro da Grande SP: 536 | Fora: 44
16:56:29 WARNING src.geo.boundaries — Municípios não encontrados no GeoJSON: {'Embu das Artes'}
16:56:29 INFO src.geo.boundaries — Municípios da Grande SP no GeoJSON: 39
16:56:29 INFO __main__ — 
[4/5] Aplicando K-Means...
16:56:31 INFO src.clustering.kmeans — Distribuição por área:
16:56:31 INFO src.clustering.kmeans —   Área 1: 96 clientes
16:56:31 INFO src.clustering.kmeans —   Área 2: 176 clientes
16:56:31 INFO src.clustering.kmeans —   Área 3: 126 clientes
16:56:31 INFO src.clustering.kmeans —   Área 4: 138 clientes
16:56:31 INFO src.clustering.kmeans — 
Métricas por área:
16:56:31 INFO src.clustering.kmeans — 
           Clientes  Média Crédito (R$)  CV (%)  Dist. Máx. (km)
area_nome                                                       
Área 1           96       133218.535417   419.6             42.4
Área 2          176        76750.347045   580.0             15.8
Área 3          126         7973.730397   220.4             17.7
Área 4          138        16682.415507   383.1             32.2
16:56:31 INFO __main__ — 
           Clientes  Média Crédito (R$)  CV (%)  Dist. Máx. (km)
area_nome                                                       
Área 1           96       133218.535417   419.6             42.4
Área 2          176        76750.347045   580.0             15.8
Área 3          126         7973.730397   220.4             17.7
Área 4          138        16682.415507   383.1             32.2
16:56:31 INFO __main__ — 
[5/5] Gerando HTMLs (criptografar=False)...
16:56:31 INFO src.mapping.builder — Gerando master.html...
16:56:32 INFO src.mapping.builder — ✅ master.html
16:56:32 INFO src.mapping.builder — Gerando area1.html...
16:56:32 INFO src.mapping.builder — ✅ area1.html
16:56:32 INFO src.mapping.builder — Gerando area2.html...
16:56:32 INFO src.mapping.builder — ✅ area2.html
16:56:32 INFO src.mapping.builder — Gerando area3.html...
16:56:32 INFO src.mapping.builder — ✅ area3.html
16:56:32 INFO src.mapping.builder — Gerando area4.html...
16:56:32 INFO src.mapping.builder — ✅ area4.html
16:56:32 INFO src.mapping.builder — Gerando index.html...
16:56:32 INFO src.mapping.builder — ✅ index.html
16:56:32 INFO src.mapping.builder — 
📁 Todos os HTMLs em: C:\Users\accrisci\Desktop\Artur\Projetos\Projeto_14_Mapa_Clientes\data\output
16:56:32 INFO __main__ — 
============================================================
16:56:32 INFO __main__ — PIPELINE CONCLUÍDO
16:56:32 INFO __main__ — ============================================================
16:56:32 INFO __main__ —   master: data\output\master.html
16:56:32 INFO __main__ —   area1: data\output\area1.html
16:56:32 INFO __main__ —   area2: data\output\area2.html
16:56:32 INFO __main__ —   area3: data\output\area3.html
16:56:32 INFO __main__ —   area4: data\output\area4.html
16:56:32 INFO __main__ —   index: data\output\index.html
17:09:20 INFO __main__ — ============================================================
17:09:20 INFO __main__ — PIPELINE INICIADO
17:09:20 INFO __main__ — ============================================================
17:09:20 INFO __main__ — 
[1/6] Carregando planilhas...
17:09:20 INFO src.ingestion.loader — Carregando planilha: data/input/clientes_saneamento_regional_sp_cap_classificacao_comercial.xlsx (fonte: saneamento)
17:09:20 INFO src.ingestion.loader —   554 linhas carregadas.
17:09:21 INFO src.ingestion.loader —   Disponíveis: 294 de 554
17:09:21 INFO src.ingestion.loader —   Colunas finais: ['cod_cliente', 'observacao', 'nome_cliente', 'limite_disp', 'lat_totvs', 'lng_totvs', 'endereco', 'bairro', 'cep', 'cod_ibge', 'fonte']
17:09:21 INFO src.ingestion.loader — ✅ saneamento: 294 clientes disponíveis
17:09:21 INFO src.ingestion.loader — Carregando planilha: data/input/clientes_carteiras_diversos_sp_cap.xlsx (fonte: diversos)
17:09:21 INFO src.ingestion.loader —   472 linhas carregadas.
17:09:21 INFO src.ingestion.loader —   Disponíveis: 286 de 472
17:09:21 INFO src.ingestion.loader —   Colunas finais: ['cod_cliente', 'observacao', 'nome_cliente', 'limite_disp', 'lat_totvs', 'lng_totvs', 'endereco', 'bairro', 'cep', 'cod_ibge', 'fonte']
17:09:21 INFO src.ingestion.loader — ✅ diversos: 286 clientes disponíveis
17:09:21 INFO src.ingestion.loader — Resolvendo nome_municipio via banco...
17:09:21 INFO src.ingestion.loader —   nome_municipio resolvido: 580/580
17:09:21 INFO src.ingestion.loader — 
Total unificado: 580 clientes
17:09:21 INFO __main__ — 
[2/6] Geocodificando clientes...
17:09:21 INFO src.geocoding.geocoder — Coordenada TOTVS válida: 53 | Precisam geocodificar: 527
17:09:21 INFO src.geocoding.geocoder — Já no checkpoint: 527 | Novos para API: 0
17:09:21 INFO src.geocoding.geocoder — Cobertura final: 580/580 (100.0%)
17:09:21 INFO __main__ — 
[3/6] Classificando dentro/fora da Grande SP...
17:09:21 INFO src.geo.boundaries — Baixando GeoJSON dos municípios de SP...
17:09:22 INFO src.geo.boundaries — GeoJSON carregado: 645 municípios.
17:09:22 INFO src.geo.boundaries — Classificando clientes dentro/fora da Grande SP...
17:09:22 INFO src.geo.boundaries — Dentro da Grande SP: 536 | Fora: 44
17:09:22 WARNING src.geo.boundaries — Municípios não encontrados no GeoJSON: {'Embu das Artes'}
17:09:22 INFO src.geo.boundaries — Municípios da Grande SP no GeoJSON: 39
17:09:22 INFO __main__ — 
[4/6] Aplicando K-Means...
17:09:24 INFO src.clustering.kmeans — Distribuição por área:
17:09:24 INFO src.clustering.kmeans —   Área 1: 96 clientes
17:09:24 INFO src.clustering.kmeans —   Área 2: 176 clientes
17:09:24 INFO src.clustering.kmeans —   Área 3: 126 clientes
17:09:24 INFO src.clustering.kmeans —   Área 4: 138 clientes
17:09:24 INFO src.clustering.kmeans — 
Métricas por área:
17:09:24 INFO src.clustering.kmeans — 
           Clientes  Média Crédito (R$)  CV (%)  Dist. Máx. (km)
area_nome                                                       
Área 1           96       133218.535417   419.6             42.4
Área 2          176        76750.347045   580.0             15.8
Área 3          126         7973.730397   220.4             17.7
Área 4          138        16682.415507   383.1             32.2
17:09:24 INFO __main__ — 
           Clientes  Média Crédito (R$)  CV (%)  Dist. Máx. (km)
area_nome                                                       
Área 1           96       133218.535417   419.6             42.4
Área 2          176        76750.347045   580.0             15.8
Área 3          126         7973.730397   220.4             17.7
Área 4          138        16682.415507   383.1             32.2
17:09:24 INFO __main__ — 
[5/6] Gerando HTMLs (criptografar=False)...
17:09:24 INFO src.mapping.builder — Gerando master.html...
17:09:25 INFO src.mapping.builder — ✅ master.html
17:09:25 INFO src.mapping.builder — Gerando area1.html...
17:09:25 INFO src.mapping.builder — ✅ area1.html
17:09:25 INFO src.mapping.builder — Gerando area2.html...
17:09:25 INFO src.mapping.builder — ✅ area2.html
17:09:25 INFO src.mapping.builder — Gerando area3.html...
17:09:26 INFO src.mapping.builder — ✅ area3.html
17:09:26 INFO src.mapping.builder — Gerando area4.html...
17:09:26 INFO src.mapping.builder — ✅ area4.html
17:09:26 INFO src.mapping.builder — Gerando index.html...
17:09:26 INFO src.mapping.builder — ✅ index.html
17:09:26 INFO src.mapping.builder — 
📁 Todos os HTMLs em: C:\Users\accrisci\Desktop\Artur\Projetos\Projeto_14_Mapa_Clientes\data\output
17:09:26 INFO __main__ — 
[6/6] Publicando no GitHub Pages...
17:09:26 INFO src.publishing.github_pages — Conectando ao GitHub: dadaset/fugini-mapa-v2
17:09:27 INFO src.publishing.github_pages — Branch 'gh-pages' não existe. Criando...
17:11:52 INFO __main__ — ============================================================
17:11:52 INFO __main__ — PIPELINE INICIADO
17:11:52 INFO __main__ — ============================================================
17:11:52 INFO __main__ — 
[1/6] Carregando planilhas...
17:11:52 INFO src.ingestion.loader — Carregando planilha: data/input/clientes_saneamento_regional_sp_cap_classificacao_comercial.xlsx (fonte: saneamento)
17:11:52 INFO src.ingestion.loader —   554 linhas carregadas.
17:11:52 INFO src.ingestion.loader —   Disponíveis: 294 de 554
17:11:52 INFO src.ingestion.loader —   Colunas finais: ['cod_cliente', 'observacao', 'nome_cliente', 'limite_disp', 'lat_totvs', 'lng_totvs', 'endereco', 'bairro', 'cep', 'cod_ibge', 'fonte']
17:11:52 INFO src.ingestion.loader — ✅ saneamento: 294 clientes disponíveis
17:11:52 INFO src.ingestion.loader — Carregando planilha: data/input/clientes_carteiras_diversos_sp_cap.xlsx (fonte: diversos)
17:11:53 INFO src.ingestion.loader —   472 linhas carregadas.
17:11:53 INFO src.ingestion.loader —   Disponíveis: 286 de 472
17:11:53 INFO src.ingestion.loader —   Colunas finais: ['cod_cliente', 'observacao', 'nome_cliente', 'limite_disp', 'lat_totvs', 'lng_totvs', 'endereco', 'bairro', 'cep', 'cod_ibge', 'fonte']
17:11:53 INFO src.ingestion.loader — ✅ diversos: 286 clientes disponíveis
17:11:53 INFO src.ingestion.loader — Resolvendo nome_municipio via banco...
17:11:53 INFO src.ingestion.loader —   nome_municipio resolvido: 580/580
17:11:53 INFO src.ingestion.loader — 
Total unificado: 580 clientes
17:11:53 INFO __main__ — 
[2/6] Geocodificando clientes...
17:11:53 INFO src.geocoding.geocoder — Coordenada TOTVS válida: 53 | Precisam geocodificar: 527
17:11:53 INFO src.geocoding.geocoder — Já no checkpoint: 527 | Novos para API: 0
17:11:53 INFO src.geocoding.geocoder — Cobertura final: 580/580 (100.0%)
17:11:53 INFO __main__ — 
[3/6] Classificando dentro/fora da Grande SP...
17:11:53 INFO src.geo.boundaries — Baixando GeoJSON dos municípios de SP...
17:11:54 INFO src.geo.boundaries — GeoJSON carregado: 645 municípios.
17:11:54 INFO src.geo.boundaries — Classificando clientes dentro/fora da Grande SP...
17:11:54 INFO src.geo.boundaries — Dentro da Grande SP: 536 | Fora: 44
17:11:54 WARNING src.geo.boundaries — Municípios não encontrados no GeoJSON: {'Embu das Artes'}
17:11:54 INFO src.geo.boundaries — Municípios da Grande SP no GeoJSON: 39
17:11:54 INFO __main__ — 
[4/6] Aplicando K-Means...
17:11:56 INFO src.clustering.kmeans — Distribuição por área:
17:11:56 INFO src.clustering.kmeans —   Área 1: 96 clientes
17:11:56 INFO src.clustering.kmeans —   Área 2: 176 clientes
17:11:56 INFO src.clustering.kmeans —   Área 3: 126 clientes
17:11:56 INFO src.clustering.kmeans —   Área 4: 138 clientes
17:11:56 INFO src.clustering.kmeans — 
Métricas por área:
17:11:56 INFO src.clustering.kmeans — 
           Clientes  Média Crédito (R$)  CV (%)  Dist. Máx. (km)
area_nome                                                       
Área 1           96       133218.535417   419.6             42.4
Área 2          176        76750.347045   580.0             15.8
Área 3          126         7973.730397   220.4             17.7
Área 4          138        16682.415507   383.1             32.2
17:11:56 INFO __main__ — 
           Clientes  Média Crédito (R$)  CV (%)  Dist. Máx. (km)
area_nome                                                       
Área 1           96       133218.535417   419.6             42.4
Área 2          176        76750.347045   580.0             15.8
Área 3          126         7973.730397   220.4             17.7
Área 4          138        16682.415507   383.1             32.2
17:11:56 INFO __main__ — 
[5/6] Gerando HTMLs (criptografar=False)...
17:11:56 INFO src.mapping.builder — Gerando master.html...
17:11:57 INFO src.mapping.builder — ✅ master.html
17:11:57 INFO src.mapping.builder — Gerando area1.html...
17:11:57 INFO src.mapping.builder — ✅ area1.html
17:11:57 INFO src.mapping.builder — Gerando area2.html...
17:11:57 INFO src.mapping.builder — ✅ area2.html
17:11:57 INFO src.mapping.builder — Gerando area3.html...
17:11:58 INFO src.mapping.builder — ✅ area3.html
17:11:58 INFO src.mapping.builder — Gerando area4.html...
17:11:58 INFO src.mapping.builder — ✅ area4.html
17:11:58 INFO src.mapping.builder — Gerando index.html...
17:11:58 INFO src.mapping.builder — ✅ index.html
17:11:58 INFO src.mapping.builder — 
📁 Todos os HTMLs em: C:\Users\accrisci\Desktop\Artur\Projetos\Projeto_14_Mapa_Clientes\data\output
17:11:58 INFO __main__ — 
[6/6] Publicando no GitHub Pages...
17:11:58 INFO src.publishing.github_pages — Conectando ao GitHub: dadaset/fugini-mapa-v2
17:11:59 INFO src.publishing.github_pages — Branch 'gh-pages' não existe. Criando...
17:12:00 INFO src.publishing.github_pages — Branch 'gh-pages' criado.
17:12:00 INFO src.publishing.github_pages —   Publicando index.html (3.2 KB)...
17:12:02 INFO src.publishing.github_pages —   ✅ index.html criado
17:12:02 INFO src.publishing.github_pages —   Publicando master.html (1086.6 KB)...
17:12:05 INFO src.publishing.github_pages —   ✅ master.html criado
17:12:05 INFO src.publishing.github_pages —   Publicando area1.html (263.3 KB)...
17:12:07 INFO src.publishing.github_pages —   ✅ area1.html criado
17:12:07 INFO src.publishing.github_pages —   Publicando area2.html (397.6 KB)...
17:12:10 INFO src.publishing.github_pages —   ✅ area2.html criado
17:12:10 INFO src.publishing.github_pages —   Publicando area3.html (314.0 KB)...
17:12:12 INFO src.publishing.github_pages —   ✅ area3.html criado
17:12:12 INFO src.publishing.github_pages —   Publicando area4.html (334.0 KB)...
17:12:15 INFO src.publishing.github_pages —   ✅ area4.html criado
17:12:15 INFO src.publishing.github_pages — 
🌐 Publicado em: https://dadaset.github.io/fugini-mapa-v2/
17:12:15 INFO __main__ — 🌐 https://dadaset.github.io/fugini-mapa-v2/
17:12:15 INFO __main__ — 
============================================================
17:12:15 INFO __main__ — PIPELINE CONCLUÍDO
17:12:15 INFO __main__ — ============================================================
08:21:37 INFO __main__ — ============================================================
08:21:37 INFO __main__ — PIPELINE INICIADO
08:21:37 INFO __main__ — ============================================================
08:21:37 INFO __main__ — 
[1/6] Carregando planilhas...
08:21:37 INFO src.ingestion.loader — Carregando planilha: data/input/clientes_saneamento_regional_sp_cap_classificacao_comercial.xlsx (fonte: saneamento)
08:21:37 INFO src.ingestion.loader —   554 linhas carregadas.
08:21:37 INFO src.ingestion.loader —   Disponíveis: 294 de 554
08:21:37 INFO src.ingestion.loader —   Colunas finais: ['cod_cliente', 'observacao', 'nome_cliente', 'limite_disp', 'lat_totvs', 'lng_totvs', 'endereco', 'bairro', 'cep', 'cod_ibge', 'fonte']
08:21:37 INFO src.ingestion.loader — ✅ saneamento: 294 clientes disponíveis
08:21:37 INFO src.ingestion.loader — Carregando planilha: data/input/clientes_carteiras_diversos_sp_cap.xlsx (fonte: diversos)
08:21:37 INFO src.ingestion.loader —   472 linhas carregadas.
08:21:38 INFO src.ingestion.loader —   Disponíveis: 286 de 472
08:21:38 INFO src.ingestion.loader —   Colunas finais: ['cod_cliente', 'observacao', 'nome_cliente', 'limite_disp', 'lat_totvs', 'lng_totvs', 'endereco', 'bairro', 'cep', 'cod_ibge', 'fonte']
08:21:38 INFO src.ingestion.loader — ✅ diversos: 286 clientes disponíveis
08:21:38 INFO src.ingestion.loader — Resolvendo nome_municipio via banco...
08:21:38 INFO src.ingestion.loader —   nome_municipio resolvido: 580/580
08:21:38 INFO src.ingestion.loader — 
Total unificado: 580 clientes
08:21:38 INFO __main__ — 
[2/6] Geocodificando clientes...
08:21:38 INFO src.geocoding.geocoder — Coordenada TOTVS válida: 53 | Precisam geocodificar: 527
08:21:38 INFO src.geocoding.geocoder — Já no checkpoint: 527 | Novos para API: 0
08:21:38 INFO src.geocoding.geocoder — Cobertura final: 580/580 (100.0%)
08:21:38 INFO __main__ — 
[3/6] Classificando dentro/fora da Grande SP...
08:21:38 INFO src.geo.boundaries — Baixando GeoJSON dos municípios de SP...
08:21:38 INFO src.geo.boundaries — GeoJSON carregado: 645 municípios.
08:21:38 INFO src.geo.boundaries — Classificando clientes dentro/fora da Grande SP...
08:21:38 INFO src.geo.boundaries — Dentro da Grande SP: 536 | Fora: 44
08:21:38 WARNING src.geo.boundaries — Municípios não encontrados no GeoJSON: {'Embu das Artes'}
08:21:38 INFO src.geo.boundaries — Municípios da Grande SP no GeoJSON: 39
08:21:38 INFO __main__ — 
[4/6] Aplicando K-Means...
08:21:41 INFO src.clustering.kmeans — Distribuição por área:
08:21:41 INFO src.clustering.kmeans —   Área 1: 96 clientes
08:21:41 INFO src.clustering.kmeans —   Área 2: 176 clientes
08:21:41 INFO src.clustering.kmeans —   Área 3: 126 clientes
08:21:41 INFO src.clustering.kmeans —   Área 4: 138 clientes
08:21:41 INFO src.clustering.kmeans — 
Métricas por área:
08:21:41 INFO src.clustering.kmeans — 
           Clientes  Média Crédito (R$)  CV (%)  Dist. Máx. (km)
area_nome                                                       
Área 1           96       133218.535417   419.6             42.4
Área 2          176        76750.347045   580.0             15.8
Área 3          126         7973.730397   220.4             17.7
Área 4          138        16682.415507   383.1             32.2
08:21:41 INFO __main__ — 
           Clientes  Média Crédito (R$)  CV (%)  Dist. Máx. (km)
area_nome                                                       
Área 1           96       133218.535417   419.6             42.4
Área 2          176        76750.347045   580.0             15.8
Área 3          126         7973.730397   220.4             17.7
Área 4          138        16682.415507   383.1             32.2
08:21:41 INFO __main__ — 
[5/6] Gerando HTMLs (criptografar=True)...
08:21:41 INFO src.mapping.builder — Gerando master.html...
08:21:42 INFO src.mapping.builder — Instalando pagecrypt via npm...
